{
  "stats": {
    "suites": 1,
    "tests": 3,
    "passes": 3,
    "pending": 0,
    "failures": 0,
    "start": "2020-11-22T13:28:11.869Z",
    "end": "2020-11-22T13:28:13.647Z",
    "duration": 1778,
    "testsRegistered": 3,
    "passPercent": 100,
    "pendingPercent": 0,
    "other": 0,
    "hasOther": false,
    "skipped": 0,
    "hasSkipped": false
  },
  "results": [
    {
      "uuid": "7fdf3642-de05-4b80-b6d8-e0c7e81dacd1",
      "title": "",
      "fullFile": "cypress/integration/backend-client-suite.spec.js",
      "file": "cypress/integration/backend-client-suite.spec.js",
      "beforeHooks": [],
      "afterHooks": [],
      "tests": [],
      "suites": [
        {
          "uuid": "5cb1a12a-ba44-4cfc-97df-f5d7b26b9229",
          "title": "Clients",
          "fullFile": "",
          "file": "",
          "beforeHooks": [],
          "afterHooks": [],
          "tests": [
            {
              "title": "Create random client",
              "fullTitle": "Clients Create random client",
              "timedOut": null,
              "duration": 639,
              "state": "passed",
              "speed": "slow",
              "pass": true,
              "fail": false,
              "pending": false,
              "context": null,
              "code": "clienthelpers.createClientRequest(cy);",
              "err": {},
              "uuid": "c9633dfc-930a-4a79-94a7-4fdf82506794",
              "parentUUID": "5cb1a12a-ba44-4cfc-97df-f5d7b26b9229",
              "isHook": false,
              "skipped": false
            },
            {
              "title": "Get All Clients",
              "fullTitle": "Clients Get All Clients",
              "timedOut": null,
              "duration": 543,
              "state": "passed",
              "speed": "slow",
              "pass": true,
              "fail": false,
              "pending": false,
              "context": null,
              "code": "clienthelpers.getAllClientRequest(cy);",
              "err": {},
              "uuid": "8ebc28ef-5fc0-4518-a0a8-486da4b93c46",
              "parentUUID": "5cb1a12a-ba44-4cfc-97df-f5d7b26b9229",
              "isHook": false,
              "skipped": false
            },
            {
              "title": "Delete A Client",
              "fullTitle": "Clients Delete A Client",
              "timedOut": null,
              "duration": 561,
              "state": "passed",
              "speed": "slow",
              "pass": true,
              "fail": false,
              "pending": false,
              "context": null,
              "code": "clienthelpers.createClientRequestAndDelete(cy);",
              "err": {},
              "uuid": "a7dd0e9d-e29b-4407-b411-3646083d033e",
              "parentUUID": "5cb1a12a-ba44-4cfc-97df-f5d7b26b9229",
              "isHook": false,
              "skipped": false
            }
          ],
          "suites": [],
          "passes": [
            "c9633dfc-930a-4a79-94a7-4fdf82506794",
            "8ebc28ef-5fc0-4518-a0a8-486da4b93c46",
            "a7dd0e9d-e29b-4407-b411-3646083d033e"
          ],
          "failures": [],
          "pending": [],
          "skipped": [],
          "duration": 1743,
          "root": false,
          "rootEmpty": false,
          "_timeout": 2000
        }
      ],
      "passes": [],
      "failures": [],
      "pending": [],
      "skipped": [],
      "duration": 0,
      "root": true,
      "rootEmpty": true,
      "_timeout": 2000
    }
  ],
  "meta": {
    "mocha": {
      "version": "7.0.1"
    },
    "mochawesome": {
      "options": {
        "quiet": false,
        "reportFilename": "mochawesome",
        "saveHtml": false,
        "saveJson": true,
        "consoleReporter": "spec",
        "useInlineDiffs": false,
        "code": true
      },
      "version": "6.1.1"
    },
    "marge": {
      "options": {
        "charts": true,
        "overwrite": false,
        "html": false,
        "json": true,
        "reportDir": "cypress/report/mochawesome-report"
      },
      "version": "5.1.0"
    }
  }
}