{
  "stats": {
    "suites": 1,
    "tests": 2,
    "passes": 2,
    "pending": 0,
    "failures": 0,
    "start": "2020-11-22T13:28:02.672Z",
    "end": "2020-11-22T13:28:03.384Z",
    "duration": 712,
    "testsRegistered": 2,
    "passPercent": 100,
    "pendingPercent": 0,
    "other": 0,
    "hasOther": false,
    "skipped": 0,
    "hasSkipped": false
  },
  "results": [
    {
      "uuid": "8f37c503-9cee-4bc9-b078-8a5de86579a1",
      "title": "",
      "fullFile": "cypress/integration/backend-bill-suite.spec.js",
      "file": "cypress/integration/backend-bill-suite.spec.js",
      "beforeHooks": [],
      "afterHooks": [],
      "tests": [],
      "suites": [
        {
          "uuid": "58d8f11d-89ff-439b-9b85-eb80a53a7c85",
          "title": "Bills",
          "fullFile": "",
          "file": "",
          "beforeHooks": [],
          "afterHooks": [],
          "tests": [
            {
              "title": "Create a Bill",
              "fullTitle": "Bills Create a Bill",
              "timedOut": null,
              "duration": 622,
              "state": "passed",
              "speed": "slow",
              "pass": true,
              "fail": false,
              "pending": false,
              "context": null,
              "code": "billhelpers.createBill(cy);",
              "err": {},
              "uuid": "f69f7628-cb28-4896-8ae3-34962d7e0757",
              "parentUUID": "58d8f11d-89ff-439b-9b85-eb80a53a7c85",
              "isHook": false,
              "skipped": false
            },
            {
              "title": "Delete a Bill",
              "fullTitle": "Bills Delete a Bill",
              "timedOut": null,
              "duration": 47,
              "state": "passed",
              "speed": "medium",
              "pass": true,
              "fail": false,
              "pending": false,
              "context": null,
              "code": "billhelpers.deleteBill(cy);",
              "err": {},
              "uuid": "b0611d2c-e422-461e-ba84-97b1ce6629c0",
              "parentUUID": "58d8f11d-89ff-439b-9b85-eb80a53a7c85",
              "isHook": false,
              "skipped": false
            }
          ],
          "suites": [],
          "passes": [
            "f69f7628-cb28-4896-8ae3-34962d7e0757",
            "b0611d2c-e422-461e-ba84-97b1ce6629c0"
          ],
          "failures": [],
          "pending": [],
          "skipped": [],
          "duration": 669,
          "root": false,
          "rootEmpty": false,
          "_timeout": 2000
        }
      ],
      "passes": [],
      "failures": [],
      "pending": [],
      "skipped": [],
      "duration": 0,
      "root": true,
      "rootEmpty": true,
      "_timeout": 2000
    }
  ],
  "meta": {
    "mocha": {
      "version": "7.0.1"
    },
    "mochawesome": {
      "options": {
        "quiet": false,
        "reportFilename": "mochawesome",
        "saveHtml": false,
        "saveJson": true,
        "consoleReporter": "spec",
        "useInlineDiffs": false,
        "code": true
      },
      "version": "6.1.1"
    },
    "marge": {
      "options": {
        "charts": true,
        "overwrite": false,
        "html": false,
        "json": true,
        "reportDir": "cypress/report/mochawesome-report"
      },
      "version": "5.1.0"
    }
  }
}