{
  "stats": {
    "suites": 1,
    "tests": 3,
    "passes": 3,
    "pending": 0,
    "failures": 0,
    "start": "2020-11-22T13:30:12.319Z",
    "end": "2020-11-22T13:30:14.149Z",
    "duration": 1830,
    "testsRegistered": 3,
    "passPercent": 100,
    "pendingPercent": 0,
    "other": 0,
    "hasOther": false,
    "skipped": 0,
    "hasSkipped": false
  },
  "results": [
    {
      "uuid": "1e66f730-6d92-412b-b9cd-fddcdf68bbe4",
      "title": "",
      "fullFile": "cypress/integration/backend-client-suite.spec.js",
      "file": "cypress/integration/backend-client-suite.spec.js",
      "beforeHooks": [],
      "afterHooks": [],
      "tests": [],
      "suites": [
        {
          "uuid": "6d504dcb-36ba-4379-975b-8de206fab0e6",
          "title": "Clients",
          "fullFile": "",
          "file": "",
          "beforeHooks": [],
          "afterHooks": [],
          "tests": [
            {
              "title": "Create random client",
              "fullTitle": "Clients Create random client",
              "timedOut": null,
              "duration": 647,
              "state": "passed",
              "speed": "slow",
              "pass": true,
              "fail": false,
              "pending": false,
              "context": null,
              "code": "clienthelpers.createClientRequest(cy);",
              "err": {},
              "uuid": "166044b8-1661-4bf9-9de0-39e2aad62f9a",
              "parentUUID": "6d504dcb-36ba-4379-975b-8de206fab0e6",
              "isHook": false,
              "skipped": false
            },
            {
              "title": "Get All Clients",
              "fullTitle": "Clients Get All Clients",
              "timedOut": null,
              "duration": 559,
              "state": "passed",
              "speed": "slow",
              "pass": true,
              "fail": false,
              "pending": false,
              "context": null,
              "code": "clienthelpers.getAllClientRequest(cy);",
              "err": {},
              "uuid": "5e446eec-bd77-4474-a32d-70ae7c08e04c",
              "parentUUID": "6d504dcb-36ba-4379-975b-8de206fab0e6",
              "isHook": false,
              "skipped": false
            },
            {
              "title": "Delete A Client",
              "fullTitle": "Clients Delete A Client",
              "timedOut": null,
              "duration": 575,
              "state": "passed",
              "speed": "slow",
              "pass": true,
              "fail": false,
              "pending": false,
              "context": null,
              "code": "clienthelpers.createClientRequestAndDelete(cy);",
              "err": {},
              "uuid": "b27948a4-ed35-430a-a474-e6b8a4d1087f",
              "parentUUID": "6d504dcb-36ba-4379-975b-8de206fab0e6",
              "isHook": false,
              "skipped": false
            }
          ],
          "suites": [],
          "passes": [
            "166044b8-1661-4bf9-9de0-39e2aad62f9a",
            "5e446eec-bd77-4474-a32d-70ae7c08e04c",
            "b27948a4-ed35-430a-a474-e6b8a4d1087f"
          ],
          "failures": [],
          "pending": [],
          "skipped": [],
          "duration": 1781,
          "root": false,
          "rootEmpty": false,
          "_timeout": 2000
        }
      ],
      "passes": [],
      "failures": [],
      "pending": [],
      "skipped": [],
      "duration": 0,
      "root": true,
      "rootEmpty": true,
      "_timeout": 2000
    }
  ],
  "meta": {
    "mocha": {
      "version": "7.0.1"
    },
    "mochawesome": {
      "options": {
        "quiet": false,
        "reportFilename": "mochawesome",
        "saveHtml": false,
        "saveJson": true,
        "consoleReporter": "spec",
        "useInlineDiffs": false,
        "code": true
      },
      "version": "6.1.1"
    },
    "marge": {
      "options": {
        "charts": true,
        "overwrite": false,
        "html": false,
        "json": true,
        "reportDir": "cypress/report/mochawesome-report"
      },
      "version": "5.1.0"
    }
  }
}